{"total": {"lines":{"total":353,"covered":353,"skipped":0,"pct":100},"statements":{"total":353,"covered":353,"skipped":0,"pct":100},"functions":{"total":1,"covered":1,"skipped":0,"pct":100},"branches":{"total":15,"covered":15,"skipped":0,"pct":100},"branchesTrue":{"total":0,"covered":0,"skipped":0,"pct":100}}
,"E:\\_@Bun\\@ui8kit-core\\src\\components\\Card.tsx": {"lines":{"total":280,"covered":280,"skipped":0,"pct":100},"functions":{"total":0,"covered":0,"skipped":0,"pct":100},"statements":{"total":280,"covered":280,"skipped":0,"pct":100},"branches":{"total":13,"covered":13,"skipped":0,"pct":100}}
,"E:\\_@Bun\\@ui8kit-core\\src\\components\\ui\\Button.tsx": {"lines":{"total":67,"covered":67,"skipped":0,"pct":100},"functions":{"total":0,"covered":0,"skipped":0,"pct":100},"statements":{"total":67,"covered":67,"skipped":0,"pct":100},"branches":{"total":1,"covered":1,"skipped":0,"pct":100}}
,"E:\\_@Bun\\@ui8kit-core\\src\\lib\\utils.ts": {"lines":{"total":6,"covered":6,"skipped":0,"pct":100},"functions":{"total":1,"covered":1,"skipped":0,"pct":100},"statements":{"total":6,"covered":6,"skipped":0,"pct":100},"branches":{"total":1,"covered":1,"skipped":0,"pct":100}}
}
