{"total": {"lines":{"total":586,"covered":586,"skipped":0,"pct":100},"statements":{"total":586,"covered":586,"skipped":0,"pct":100},"functions":{"total":2,"covered":2,"skipped":0,"pct":100},"branches":{"total":21,"covered":21,"skipped":0,"pct":100},"branchesTrue":{"total":0,"covered":0,"skipped":0,"pct":100}}
,"E:\\_@Bun\\@ui8kit-core\\src\\components\\Card.tsx": {"lines":{"total":281,"covered":281,"skipped":0,"pct":100},"functions":{"total":0,"covered":0,"skipped":0,"pct":100},"statements":{"total":281,"covered":281,"skipped":0,"pct":100},"branches":{"total":13,"covered":13,"skipped":0,"pct":100}}
,"E:\\_@Bun\\@ui8kit-core\\src\\components\\ui\\Button.tsx": {"lines":{"total":67,"covered":67,"skipped":0,"pct":100},"functions":{"total":0,"covered":0,"skipped":0,"pct":100},"statements":{"total":67,"covered":67,"skipped":0,"pct":100},"branches":{"total":1,"covered":1,"skipped":0,"pct":100}}
,"E:\\_@Bun\\@ui8kit-core\\src\\components\\ui\\Container.tsx": {"lines":{"total":69,"covered":69,"skipped":0,"pct":100},"functions":{"total":0,"covered":0,"skipped":0,"pct":100},"statements":{"total":69,"covered":69,"skipped":0,"pct":100},"branches":{"total":1,"covered":1,"skipped":0,"pct":100}}
,"E:\\_@Bun\\@ui8kit-core\\src\\components\\ui\\Group.tsx": {"lines":{"total":72,"covered":72,"skipped":0,"pct":100},"functions":{"total":0,"covered":0,"skipped":0,"pct":100},"statements":{"total":72,"covered":72,"skipped":0,"pct":100},"branches":{"total":1,"covered":1,"skipped":0,"pct":100}}
,"E:\\_@Bun\\@ui8kit-core\\src\\components\\ui\\Image.tsx": {"lines":{"total":91,"covered":91,"skipped":0,"pct":100},"functions":{"total":1,"covered":1,"skipped":0,"pct":100},"statements":{"total":91,"covered":91,"skipped":0,"pct":100},"branches":{"total":4,"covered":4,"skipped":0,"pct":100}}
,"E:\\_@Bun\\@ui8kit-core\\src\\lib\\utils.ts": {"lines":{"total":6,"covered":6,"skipped":0,"pct":100},"functions":{"total":1,"covered":1,"skipped":0,"pct":100},"statements":{"total":6,"covered":6,"skipped":0,"pct":100},"branches":{"total":1,"covered":1,"skipped":0,"pct":100}}
}
